2018-03-02 16:33:49,717 INFO o.a.j.u.JMeterUtils: Setting Locale to en_EN
2018-03-02 16:33:49,942 INFO o.a.j.JMeter: Loading user properties from: /usr/local/Cellar/jmeter/4.0/libexec/bin/user.properties
2018-03-02 16:33:49,956 INFO o.a.j.JMeter: Loading system properties from: /usr/local/Cellar/jmeter/4.0/libexec/bin/system.properties
2018-03-02 16:33:49,994 INFO o.a.j.JMeter: Copyright (c) 1998-2018 The Apache Software Foundation
2018-03-02 16:33:49,995 INFO o.a.j.JMeter: Version 4.0 r1823414
2018-03-02 16:33:49,995 INFO o.a.j.JMeter: java.version=1.8.0_161
2018-03-02 16:33:49,995 INFO o.a.j.JMeter: java.vm.name=Java HotSpot(TM) 64-Bit Server VM
2018-03-02 16:33:49,995 INFO o.a.j.JMeter: os.name=Mac OS X
2018-03-02 16:33:49,995 INFO o.a.j.JMeter: os.arch=x86_64
2018-03-02 16:33:49,995 INFO o.a.j.JMeter: os.version=10.13.3
2018-03-02 16:33:49,995 INFO o.a.j.JMeter: file.encoding=UTF-8
2018-03-02 16:33:49,995 INFO o.a.j.JMeter: Max memory     =1073741824
2018-03-02 16:33:49,996 INFO o.a.j.JMeter: Available Processors =4
2018-03-02 16:33:50,071 INFO o.a.j.JMeter: Default Locale=English (EN)
2018-03-02 16:33:50,072 INFO o.a.j.JMeter: JMeter  Locale=English (EN)
2018-03-02 16:33:50,072 INFO o.a.j.JMeter: JMeterHome=/usr/local/Cellar/jmeter/4.0/libexec
2018-03-02 16:33:50,073 INFO o.a.j.JMeter: user.dir  =/Users/ctin/automation/drive/cd_web
2018-03-02 16:33:50,073 INFO o.a.j.JMeter: PWD       =/Users/ctin/automation/drive/cd_web
2018-03-02 16:33:50,120 INFO o.a.j.JMeter: IP: 192.168.0.176 Name: MacBook-Pro-de-CTIN-3.local FullName: 192.168.0.176
2018-03-02 16:34:04,458 INFO o.a.j.g.a.LookAndFeelCommand: Installing Darcula LAF
2018-03-02 16:34:04,765 INFO o.a.j.g.a.LookAndFeelCommand: Using look and feel: com.bulenkov.darcula.DarculaLaf [Darcula]
2018-03-02 16:34:04,765 INFO o.a.j.JMeter: Setting LAF to: com.bulenkov.darcula.DarculaLaf
2018-03-02 16:34:05,416 INFO o.a.j.JMeter: Loaded icon properties from org/apache/jmeter/images/icon.properties
2018-03-02 16:34:08,510 INFO o.a.j.e.u.CompoundVariable: Note: Function class names must contain the string: '.functions.'
2018-03-02 16:34:08,510 INFO o.a.j.e.u.CompoundVariable: Note: Function class names must not contain the string: '.gui.'
2018-03-02 16:34:11,804 INFO k.a.j.JMeterPluginsUtils: JMeter-Plugins.org v.1.4.0
2018-03-02 16:34:13,509 WARN o.a.j.g.u.MenuFactory: Configuration error, probably corrupt or missing third party library(jar)? Could not create class: kg.apc.jmeter.reporters.LoadosophiaUploaderGui.
java.lang.NoClassDefFoundError: org/apache/commons/httpclient/methods/multipart/PartSource
	at kg.apc.jmeter.reporters.LoadosophiaUploaderGui.init(LoadosophiaUploaderGui.java:114) ~[JMeterPlugins-Standard.jar:?]
	at kg.apc.jmeter.reporters.LoadosophiaUploaderGui.<init>(LoadosophiaUploaderGui.java:28) ~[JMeterPlugins-Standard.jar:?]
	at sun.reflect.NativeConstructorAccessorImpl.newInstance0(Native Method) ~[?:1.8.0_161]
	at sun.reflect.NativeConstructorAccessorImpl.newInstance(NativeConstructorAccessorImpl.java:62) ~[?:1.8.0_161]
	at sun.reflect.DelegatingConstructorAccessorImpl.newInstance(DelegatingConstructorAccessorImpl.java:45) ~[?:1.8.0_161]
	at java.lang.reflect.Constructor.newInstance(Constructor.java:423) ~[?:1.8.0_161]
	at java.lang.Class.newInstance(Class.java:442) ~[?:1.8.0_161]
	at org.apache.jmeter.gui.util.MenuFactory.getGUIComponent(MenuFactory.java:174) ~[ApacheJMeter_core.jar:4.0 r1823414]
	at org.apache.jmeter.gui.util.MenuFactory.initializeMenus(MenuFactory.java:141) ~[ApacheJMeter_core.jar:4.0 r1823414]
	at org.apache.jmeter.gui.util.MenuFactory.<clinit>(MenuFactory.java:106) ~[ApacheJMeter_core.jar:4.0 r1823414]
	at org.apache.jmeter.control.gui.TestPlanGui.createPopupMenu(TestPlanGui.java:92) ~[ApacheJMeter_core.jar:4.0 r1823414]
	at org.apache.jmeter.gui.tree.JMeterTreeNode.createPopupMenu(JMeterTreeNode.java:155) ~[ApacheJMeter_core.jar:4.0 r1823414]
	at org.apache.jmeter.gui.action.EditCommand.doAction(EditCommand.java:46) ~[ApacheJMeter_core.jar:4.0 r1823414]
	at org.apache.jmeter.gui.action.ActionRouter.performAction(ActionRouter.java:88) ~[ApacheJMeter_core.jar:4.0 r1823414]
	at org.apache.jmeter.gui.action.ActionRouter.lambda$actionPerformed$0(ActionRouter.java:70) ~[ApacheJMeter_core.jar:4.0 r1823414]
	at java.awt.event.InvocationEvent.dispatch(InvocationEvent.java:311) [?:1.8.0_161]
	at java.awt.EventQueue.dispatchEventImpl(EventQueue.java:756) [?:1.8.0_161]
	at java.awt.EventQueue.access$500(EventQueue.java:97) [?:1.8.0_161]
	at java.awt.EventQueue$3.run(EventQueue.java:709) [?:1.8.0_161]
	at java.awt.EventQueue$3.run(EventQueue.java:703) [?:1.8.0_161]
	at java.security.AccessController.doPrivileged(Native Method) [?:1.8.0_161]
	at java.security.ProtectionDomain$JavaSecurityAccessImpl.doIntersectionPrivilege(ProtectionDomain.java:80) [?:1.8.0_161]
	at java.awt.EventQueue.dispatchEvent(EventQueue.java:726) [?:1.8.0_161]
	at java.awt.EventDispatchThread.pumpOneEventForFilters(EventDispatchThread.java:201) [?:1.8.0_161]
	at java.awt.EventDispatchThread.pumpEventsForFilter(EventDispatchThread.java:116) [?:1.8.0_161]
	at java.awt.EventDispatchThread.pumpEventsForHierarchy(EventDispatchThread.java:105) [?:1.8.0_161]
	at java.awt.EventDispatchThread.pumpEvents(EventDispatchThread.java:101) [?:1.8.0_161]
	at java.awt.EventDispatchThread.pumpEvents(EventDispatchThread.java:93) [?:1.8.0_161]
	at java.awt.EventDispatchThread.run(EventDispatchThread.java:82) [?:1.8.0_161]
Caused by: java.lang.ClassNotFoundException: org.apache.commons.httpclient.methods.multipart.PartSource
	at java.net.URLClassLoader.findClass(URLClassLoader.java:381) ~[?:1.8.0_161]
	at java.lang.ClassLoader.loadClass(ClassLoader.java:424) ~[?:1.8.0_161]
	at java.lang.ClassLoader.loadClass(ClassLoader.java:357) ~[?:1.8.0_161]
	... 29 more
2018-03-02 16:34:14,939 INFO o.a.j.p.h.s.HTTPSamplerBase: Parser for text/html is org.apache.jmeter.protocol.http.parser.LagartoBasedHtmlParser
2018-03-02 16:34:14,939 INFO o.a.j.p.h.s.HTTPSamplerBase: Parser for application/xhtml+xml is org.apache.jmeter.protocol.http.parser.LagartoBasedHtmlParser
2018-03-02 16:34:14,940 INFO o.a.j.p.h.s.HTTPSamplerBase: Parser for application/xml is org.apache.jmeter.protocol.http.parser.LagartoBasedHtmlParser
2018-03-02 16:34:14,940 INFO o.a.j.p.h.s.HTTPSamplerBase: Parser for text/xml is org.apache.jmeter.protocol.http.parser.LagartoBasedHtmlParser
2018-03-02 16:34:14,940 INFO o.a.j.p.h.s.HTTPSamplerBase: Parser for text/vnd.wap.wml is org.apache.jmeter.protocol.http.parser.RegexpHTMLParser
2018-03-02 16:34:14,940 INFO o.a.j.p.h.s.HTTPSamplerBase: Parser for text/css is org.apache.jmeter.protocol.http.parser.CssParser
2018-03-02 16:34:16,437 INFO o.a.j.e.KeyToolUtils: keytool found at 'keytool'
2018-03-02 16:34:16,438 INFO o.a.j.p.h.p.ProxyControl: HTTP(S) Test Script Recorder SSL Proxy will use keys that support embedded 3rd party resources in file /usr/local/Cellar/jmeter/4.0/libexec/bin/proxyserver.jks
2018-03-02 16:34:16,681 INFO o.a.j.s.FileServer: Default base='/Users/ctin/automation/drive/cd_web'
2018-03-02 16:34:17,571 INFO o.a.j.s.SampleResult: Note: Sample TimeStamps are START times
2018-03-02 16:34:17,571 INFO o.a.j.s.SampleResult: sampleresult.default.encoding is set to ISO-8859-1
2018-03-02 16:34:17,571 INFO o.a.j.s.SampleResult: sampleresult.useNanoTime=true
2018-03-02 16:34:17,571 INFO o.a.j.s.SampleResult: sampleresult.nanoThreadSleep=5000
2018-03-02 16:39:46,980 INFO o.a.j.g.a.Load: Loading file: /Users/ctin/automation/drive/cd_web/global/config/jmeter/cd_users.jmx
2018-03-02 16:39:46,989 INFO o.a.j.s.FileServer: Set new base='/Users/ctin/automation/drive/cd_web/global/config/jmeter'
2018-03-02 16:39:47,527 INFO o.a.j.s.SaveService: Testplan (JMX) version: 2.2. Testlog (JTL) version: 2.2
2018-03-02 16:39:47,717 INFO o.a.j.s.SaveService: Using SaveService properties file encoding UTF-8
2018-03-02 16:39:47,719 INFO o.a.j.s.SaveService: Using SaveService properties version 4.0
2018-03-02 16:39:47,724 INFO o.a.j.s.SaveService: Loading file: /Users/ctin/automation/drive/cd_web/global/config/jmeter/cd_users.jmx
2018-03-02 16:39:48,422 INFO o.a.j.s.FileServer: Set new base='/Users/ctin/automation/drive/cd_web/global/config/jmeter'
