Writing log file to: /Users/davidchavezavila/amco/automation/capybara/xdk/cv_xdk/global/jmeter.log
Creating summariser <summary>
Created the tree successfully using /Users/davidchavezavila/amco/automation/capybara/xdk/cv_xdk/helpers/../global/config/jmeter/user_clear_devices.jmx
Starting the test @ Wed Nov 30 16:49:28 CST 2016 (1480546168112)
Waiting for possible Shutdown/StopTestNow/Heapdump message on port 4446
summary +     59 in 00:01:02 =    0.9/s Avg:  6574 Min:    62 Max: 34211 Err:     0 (0.00%) Active: 8 Started: 8 Finished: 0
summary +     35 in 00:00:31 =    1.1/s Avg:  6049 Min:  2344 Max: 20216 Err:     0 (0.00%) Active: 8 Started: 8 Finished: 0
summary =     94 in 00:01:33 =    1.0/s Avg:  6379 Min:    62 Max: 34211 Err:     0 (0.00%)
summary +     25 in 00:00:28 =    0.9/s Avg:  7872 Min:  1700 Max: 29284 Err:     0 (0.00%) Active: 4 Started: 8 Finished: 4
summary =    119 in 00:02:02 =    1.0/s Avg:  6692 Min:    62 Max: 34211 Err:     0 (0.00%)
summary +     12 in 00:00:29 =    0.4/s Avg: 10664 Min:  3331 Max: 20463 Err:     0 (0.00%) Active: 4 Started: 8 Finished: 4
summary =    131 in 00:02:31 =    0.9/s Avg:  7056 Min:    62 Max: 34211 Err:     0 (0.00%)
summary +     13 in 00:00:30 =    0.4/s Avg: 10582 Min:  3128 Max: 28791 Err:     0 (0.00%) Active: 3 Started: 8 Finished: 5
summary =    144 in 00:03:00 =    0.8/s Avg:  7374 Min:    62 Max: 34211 Err:     0 (0.00%)
summary +      5 in 00:00:36 =    0.1/s Avg: 12464 Min:  3348 Max: 32297 Err:     0 (0.00%) Active: 2 Started: 8 Finished: 6
summary =    149 in 00:03:36 =    0.7/s Avg:  7545 Min:    62 Max: 34211 Err:     0 (0.00%)
summary +      4 in 00:04:02 =    0.0/s Avg: 88883 Min:  3370 Max: 238386 Err:     0 (0.00%) Active: 1 Started: 8 Finished: 7
summary =    151 in 00:07:04 =    0.4/s Avg:  9264 Min:    78 Max: 238386 Err:     2 (1.32%)
summary +      1 in 00:00:03 =    0.3/s Avg:  3419 Min:  3419 Max:  3419 Err:     0 (0.00%) Active: 0 Started: 8 Finished: 8
summary =    152 in 00:07:08 =    0.4/s Avg:  9226 Min:    78 Max: 238386 Err:     2 (1.32%)
Tidying up ...    @ Wed Nov 30 16:56:37 CST 2016 (1480546597207)
... end of run
